<?xml version="1.0" encoding="UTF-8"?>
<!-- Generated by org.testng.reporters.JUnitReportReporter -->
<testsuite skipped="0" hostname="DESKTOP-A8AF0PQ" name="Coca.Loco.ReportTestcase" tests="1" failures="0" timestamp="04 Feb 2021 12:44:47 GMT" time="10.888" errors="0">
  <testcase name="f" time="10.888" classname="Coca.Loco.ReportTestcase"/>
</testsuite> <!-- Coca.Loco.ReportTestcase -->
