<?xml version="1.0" encoding="UTF-8"?>
<!-- Generated by org.testng.reporters.JUnitReportReporter -->
<testsuite skipped="0" hostname="DESKTOP-A8AF0PQ" name="Coca.Loco.NewTest" tests="1" failures="0" timestamp="04 Feb 2021 12:44:19 GMT" time="7.079" errors="0">
  <testcase name="f" time="7.079" classname="Coca.Loco.NewTest"/>
</testsuite> <!-- Coca.Loco.NewTest -->
